// 重构日志: f095c918
// 重构日志: 19e9315e
// 重构日志: 5eebbc87
// 重构日志: c099dcd1
// 重构日志: 6ca30dc2
// 重构日志: 66435ca9
// 重构日志: f61758ef
// 重构日志: b49eade7
// 重构日志: 6b77b47f
// 同步 ID: 0f581cda @ Tue Jul 14 15:56:09 UTC 2026
// 同步 ID: 5ef0b8e0 @ Tue Jul 14 23:13:15 UTC 2026
// 重构日志: 4a1eeb58
// 同步 ID: 0ce5cac3 @ Fri Jul 17 04:08:50 UTC 2026
// 重构日志: 1ca9dd24
// 同步 ID: 80d73fc2 @ Sat Jul 18 00:34:18 UTC 2026
// 同步 ID: 5c220575 @ Sat Jul 18 06:36:44 UTC 2026
// 重构日志: 376e301f
// 重构日志: a58092b0
// 同步 ID: c3d62ac1 @ Sun Jul 19 15:55:25 UTC 2026
// 重构日志: d0a45746
// 重构日志: 4989ba70
// 重构日志: 7d527212
// 重构日志: 6a850cf5
// 同步 ID: d4cf3a9e @ Thu Jul 23 04:01:57 UTC 2026
// 同步 ID: 8b3e9bce @ Thu Jul 23 10:08:18 UTC 2026
// 同步 ID: dafb15ff @ Thu Jul 23 14:54:15 UTC 2026
// 同步 ID: e7270a77 @ Fri Jul 24 00:51:41 UTC 2026
// 重构日志: 64d9255e
// 重构日志: e5326973
// 同步 ID: 36cbdc2d @ Fri Jul 24 14:43:06 UTC 2026
// 重构日志: a0ce9f4e
